
0200: A9 00		LDA #$00         
0202: 8D 01 04		STA $0401        
0205: 8D 03 04		STA $0403        
0208: A9 FF		LDA #$FF         
020A: 8D 00 04		STA $0400        
020D: 8D 02 04		STA $0402        
0210: A9 04		LDA #$04         
0212: 8D 01 04		STA $0401        
0215: 8D 03 04		STA $0403        
0218: 18 		CLC              
0219: A9 01		LDA #$01         
021B: 8D 02 04		STA $0402        
021E: A9 79		LDA #$79         
0220: 8D 00 04		STA $0400        
0223: 20 41 02		JSR $0241        
0226: 2E 02 04		ROL $0402        
0229: A9 20		LDA #$20         
022B: 2D 02 04		AND $0402        
022E: F0 F3		BEQ F3           
0230: 20 41 02		JSR $0241        
0233: 6E 02 04		ROR $0402        
0236: A9 01		LDA #$01         
0238: 2D 02 04		AND $0402        
023B: F0 F3		BEQ F3           
023D: 4C 19 02		JMP $0219        
0240: 00 		BRK              
0241: A2 01		LDX #$01         
0243: A0 01		LDY #$01         
0245: 88 		DEY              
0246: D0 FD		BNE FD           
0248: CA 		DEX              
0249: D0 F8		BNE F8           
024B: 60 		RTS              
                  